<?xml version="1.0" encoding="UTF-8"?>
<!-- Generated by org.testng.reporters.JUnitReportReporter -->
<testsuite hostname="DESKTOP-2G0J7G7" failures="0" tests="2" name="Tests.HotelsListTest" time="77.008" errors="0" timestamp="2024-04-05T07:07:41 IST" skipped="0">
  <testcase classname="Tests.HotelsListTest" name="hotelsList" time="75.269"/>
  <testcase classname="Tests.HotelsListTest" name="javaTest" time="1.739"/>
</testsuite> <!-- Tests.HotelsListTest -->
